# JRE version: OpenJDK Runtime Environment (21.0.3+10) (build 21.0.3+10-LTS)
# Java VM: OpenJDK 64-Bit Server VM (21.0.3+10-LTS, mixed mode, sharing, tiered, compressed oops, compressed class ptrs, g1 gc, windows-amd64)
GC Precious Log:
 CardTable entry size: 512
 Card Set container configuration: InlinePtr #cards 5 size 8 Array Of Cards #cards 12 size 40 Howl #buckets 4 coarsen threshold 1843 Howl Bitmap #cards 512 size 80 coarsen threshold 460 Card regions per heap region 1 cards per card region 2048
 CPUs: 4 total, 4 available
 Memory: 3917M
 Large Page Support: Disabled
 NUMA Support: Disabled
 Compressed Oops: Enabled (32-bit)
 Heap Region Size: 1M
 Heap Min Capacity: 8M
 Heap Initial Capacity: 62M
 Heap Max Capacity: 980M
 Pre-touch: Disabled
 Parallel Workers: 4
 Concurrent Workers: 1
 Concurrent Refinement Workers: 4
 Periodic GC: Disabled
Heap:
 garbage-first heap   total 63488K, used 16742K [0x00000000c2c00000, 0x0000000100000000)
  region size 1024K, 9 young (9216K), 5 survivors (5120K)
 Metaspace       used 19365K, committed 19712K, reserved 1114112K
  class space    used 2314K, committed 2496K, reserved 1048576K
GC Heap History (8 events):
Event: 1.636 GC heap before
{Heap before GC invocations=0 (full 0):
 garbage-first heap   total 63488K, used 14336K [0x00000000c2c00000, 0x0000000100000000)
  region size 1024K, 13 young (13312K), 0 survivors (0K)
 Metaspace       used 3169K, committed 3328K, reserved 1114112K
  class space    used 299K, committed 384K, reserved 1048576K
}
Event: 1.654 GC heap after
{Heap after GC invocations=1 (full 0):
 garbage-first heap   total 63488K, used 7424K [0x00000000c2c00000, 0x0000000100000000)
  region size 1024K, 2 young (2048K), 2 survivors (2048K)
 Metaspace       used 3169K, committed 3328K, reserved 1114112K
  class space    used 299K, committed 384K, reserved 1048576K
}
Event: 2.406 GC heap before
{Heap before GC invocations=1 (full 0):
 garbage-first heap   total 63488K, used 18688K [0x00000000c2c00000, 0x0000000100000000)
  region size 1024K, 13 young (13312K), 2 survivors (2048K)
 Metaspace       used 5553K, committed 5760K, reserved 1114112K
  class space    used 603K, committed 704K, reserved 1048576K
}
Event: 2.409 GC heap after
{Heap after GC invocations=2 (full 0):
 garbage-first heap   total 63488K, used 8199K [0x00000000c2c00000, 0x0000000100000000)
  region size 1024K, 1 young (1024K), 1 survivors (1024K)
 Metaspace       used 5553K, committed 5760K, reserved 1114112K
  class space    used 603K, committed 704K, reserved 1048576K
}
Event: 3.519 GC heap before
{Heap before GC invocations=2 (full 0):
 garbage-first heap   total 63488K, used 32775K [0x00000000c2c00000, 0x0000000100000000)
  region size 1024K, 26 young (26624K), 1 survivors (1024K)
 Metaspace       used 12468K, committed 12736K, reserved 1114112K
  class space    used 1474K, committed 1600K, reserved 1048576K
}
Event: 3.527 GC heap after
{Heap after GC invocations=3 (full 0):
 garbage-first heap   total 63488K, used 10577K [0x00000000c2c00000, 0x0000000100000000)
  region size 1024K, 4 young (4096K), 4 survivors (4096K)
 Metaspace       used 12468K, committed 12736K, reserved 1114112K
  class space    used 1474K, committed 1600K, reserved 1048576K
}
Event: 4.858 GC heap before
{Heap before GC invocations=3 (full 0):
 garbage-first heap   total 63488K, used 41297K [0x00000000c2c00000, 0x0000000100000000)
  region size 1024K, 35 young (35840K), 4 survivors (4096K)
 Metaspace       used 19100K, committed 19456K, reserved 1114112K
  class space    used 2283K, committed 2432K, reserved 1048576K
}
Event: 4.869 GC heap after
{Heap after GC invocations=4 (full 0):
 garbage-first heap   total 63488K, used 13670K [0x00000000c2c00000, 0x0000000100000000)
  region size 1024K, 5 young (5120K), 5 survivors (5120K)
 Metaspace       used 19100K, committed 19456K, reserved 1114112K
  class space    used 2283K, committed 2432K, reserved 1048576K
}

