# JRE version: OpenJDK Runtime Environment (21.0.3+10) (build 21.0.3+10-LTS)
# Java VM: OpenJDK 64-Bit Server VM (21.0.3+10-LTS, mixed mode, sharing, tiered, compressed oops, compressed class ptrs, g1 gc, windows-amd64)
GC Precious Log:
 CardTable entry size: 512
 Card Set container configuration: InlinePtr #cards 5 size 8 Array Of Cards #cards 12 size 40 Howl #buckets 4 coarsen threshold 1843 Howl Bitmap #cards 512 size 80 coarsen threshold 460 Card regions per heap region 1 cards per card region 2048
 CPUs: 4 total, 4 available
 Memory: 3917M
 Large Page Support: Disabled
 NUMA Support: Disabled
 Compressed Oops: Enabled (32-bit)
 Heap Region Size: 1M
 Heap Min Capacity: 8M
 Heap Initial Capacity: 62M
 Heap Max Capacity: 980M
 Pre-touch: Disabled
 Parallel Workers: 4
 Concurrent Workers: 1
 Concurrent Refinement Workers: 4
 Periodic GC: Disabled
Heap:
 garbage-first heap   total 66560K, used 39470K [0x00000000c2c00000, 0x0000000100000000)
  region size 1024K, 7 young (7168K), 3 survivors (3072K)
 Metaspace       used 69103K, committed 69824K, reserved 1114112K
  class space    used 9275K, committed 9600K, reserved 1048576K
GC Heap History (20 events):
Event: 9.275 GC heap before
{Heap before GC invocations=6 (full 0):
 garbage-first heap   total 61440K, used 48253K [0x00000000c2c00000, 0x0000000100000000)
  region size 1024K, 33 young (33792K), 2 survivors (2048K)
 Metaspace       used 25679K, committed 26048K, reserved 1114112K
  class space    used 3130K, committed 3328K, reserved 1048576K
}
Event: 9.281 GC heap after
{Heap after GC invocations=7 (full 0):
 garbage-first heap   total 61440K, used 19216K [0x00000000c2c00000, 0x0000000100000000)
  region size 1024K, 5 young (5120K), 5 survivors (5120K)
 Metaspace       used 25679K, committed 26048K, reserved 1114112K
  class space    used 3130K, committed 3328K, reserved 1048576K
}
Event: 11.758 GC heap before
{Heap before GC invocations=7 (full 0):
 garbage-first heap   total 61440K, used 48912K [0x00000000c2c00000, 0x0000000100000000)
  region size 1024K, 34 young (34816K), 5 survivors (5120K)
 Metaspace       used 32392K, committed 32832K, reserved 1114112K
  class space    used 4015K, committed 4224K, reserved 1048576K
}
Event: 11.769 GC heap after
{Heap after GC invocations=8 (full 0):
 garbage-first heap   total 61440K, used 21595K [0x00000000c2c00000, 0x0000000100000000)
  region size 1024K, 5 young (5120K), 5 survivors (5120K)
 Metaspace       used 32392K, committed 32832K, reserved 1114112K
  class space    used 4015K, committed 4224K, reserved 1048576K
}
Event: 12.820 GC heap before
{Heap before GC invocations=8 (full 0):
 garbage-first heap   total 61440K, used 42075K [0x00000000c2c00000, 0x0000000100000000)
  region size 1024K, 26 young (26624K), 5 survivors (5120K)
 Metaspace       used 35490K, committed 36096K, reserved 1114112K
  class space    used 4414K, committed 4672K, reserved 1048576K
}
Event: 12.830 GC heap after
{Heap after GC invocations=9 (full 0):
 garbage-first heap   total 61440K, used 23355K [0x00000000c2c00000, 0x0000000100000000)
  region size 1024K, 2 young (2048K), 2 survivors (2048K)
 Metaspace       used 35490K, committed 36096K, reserved 1114112K
  class space    used 4414K, committed 4672K, reserved 1048576K
}
Event: 14.641 GC heap before
{Heap before GC invocations=10 (full 0):
 garbage-first heap   total 61440K, used 51003K [0x00000000c2c00000, 0x0000000100000000)
  region size 1024K, 29 young (29696K), 2 survivors (2048K)
 Metaspace       used 43574K, committed 44096K, reserved 1114112K
  class space    used 5609K, committed 5824K, reserved 1048576K
}
Event: 14.647 GC heap after
{Heap after GC invocations=11 (full 0):
 garbage-first heap   total 61440K, used 25629K [0x00000000c2c00000, 0x0000000100000000)
  region size 1024K, 4 young (4096K), 4 survivors (4096K)
 Metaspace       used 43574K, committed 44096K, reserved 1114112K
  class space    used 5609K, committed 5824K, reserved 1048576K
}
Event: 15.947 GC heap before
{Heap before GC invocations=11 (full 0):
 garbage-first heap   total 61440K, used 51229K [0x00000000c2c00000, 0x0000000100000000)
  region size 1024K, 30 young (30720K), 4 survivors (4096K)
 Metaspace       used 50577K, committed 51200K, reserved 1114112K
  class space    used 6508K, committed 6784K, reserved 1048576K
}
Event: 15.955 GC heap after
{Heap after GC invocations=12 (full 0):
 garbage-first heap   total 61440K, used 27337K [0x00000000c2c00000, 0x0000000100000000)
  region size 1024K, 3 young (3072K), 3 survivors (3072K)
 Metaspace       used 50577K, committed 51200K, reserved 1114112K
  class space    used 6508K, committed 6784K, reserved 1048576K
}
Event: 16.968 GC heap before
{Heap before GC invocations=12 (full 0):
 garbage-first heap   total 61440K, used 50889K [0x00000000c2c00000, 0x0000000100000000)
  region size 1024K, 27 young (27648K), 3 survivors (3072K)
 Metaspace       used 56367K, committed 57024K, reserved 1114112K
  class space    used 7443K, committed 7744K, reserved 1048576K
}
Event: 16.974 GC heap after
{Heap after GC invocations=13 (full 0):
 garbage-first heap   total 61440K, used 28428K [0x00000000c2c00000, 0x0000000100000000)
  region size 1024K, 1 young (1024K), 1 survivors (1024K)
 Metaspace       used 56367K, committed 57024K, reserved 1114112K
  class space    used 7443K, committed 7744K, reserved 1048576K
}
Event: 17.523 GC heap before
{Heap before GC invocations=13 (full 0):
 garbage-first heap   total 61440K, used 40716K [0x00000000c2c00000, 0x0000000100000000)
  region size 1024K, 15 young (15360K), 1 survivors (1024K)
 Metaspace       used 59878K, committed 60480K, reserved 1114112K
  class space    used 7965K, committed 8256K, reserved 1048576K
}
Event: 17.527 GC heap after
{Heap after GC invocations=14 (full 0):
 garbage-first heap   total 61440K, used 29622K [0x00000000c2c00000, 0x0000000100000000)
  region size 1024K, 3 young (3072K), 3 survivors (3072K)
 Metaspace       used 59878K, committed 60480K, reserved 1114112K
  class space    used 7965K, committed 8256K, reserved 1048576K
}
Event: 19.138 GC heap before
{Heap before GC invocations=15 (full 0):
 garbage-first heap   total 61440K, used 53174K [0x00000000c2c00000, 0x0000000100000000)
  region size 1024K, 27 young (27648K), 3 survivors (3072K)
 Metaspace       used 63956K, committed 64640K, reserved 1114112K
  class space    used 8520K, committed 8832K, reserved 1048576K
}
Event: 19.146 GC heap after
{Heap after GC invocations=16 (full 0):
 garbage-first heap   total 61440K, used 32164K [0x00000000c2c00000, 0x0000000100000000)
  region size 1024K, 4 young (4096K), 4 survivors (4096K)
 Metaspace       used 63956K, committed 64640K, reserved 1114112K
  class space    used 8520K, committed 8832K, reserved 1048576K
}
Event: 19.929 GC heap before
{Heap before GC invocations=16 (full 0):
 garbage-first heap   total 61440K, used 53668K [0x00000000c2c00000, 0x0000000100000000)
  region size 1024K, 25 young (25600K), 4 survivors (4096K)
 Metaspace       used 66365K, committed 67072K, reserved 1114112K
  class space    used 8853K, committed 9152K, reserved 1048576K
}
Event: 19.941 GC heap after
{Heap after GC invocations=17 (full 0):
 garbage-first heap   total 62464K, used 34087K [0x00000000c2c00000, 0x0000000100000000)
  region size 1024K, 3 young (3072K), 3 survivors (3072K)
 Metaspace       used 66365K, committed 67072K, reserved 1114112K
  class space    used 8853K, committed 9152K, reserved 1048576K
}
Event: 20.721 GC heap before
{Heap before GC invocations=17 (full 0):
 garbage-first heap   total 62464K, used 53543K [0x00000000c2c00000, 0x0000000100000000)
  region size 1024K, 22 young (22528K), 3 survivors (3072K)
 Metaspace       used 68828K, committed 69568K, reserved 1114112K
  class space    used 9227K, committed 9536K, reserved 1048576K
}
Event: 20.728 GC heap after
{Heap after GC invocations=18 (full 0):
 garbage-first heap   total 62464K, used 36398K [0x00000000c2c00000, 0x0000000100000000)
  region size 1024K, 3 young (3072K), 3 survivors (3072K)
 Metaspace       used 68828K, committed 69568K, reserved 1114112K
  class space    used 9227K, committed 9536K, reserved 1048576K
}

