# JRE version: OpenJDK Runtime Environment (21.0.3+10) (build 21.0.3+10-LTS)
# Java VM: OpenJDK 64-Bit Server VM (21.0.3+10-LTS, mixed mode, sharing, tiered, compressed oops, compressed class ptrs, g1 gc, windows-amd64)
GC Precious Log:
 CardTable entry size: 512
 Card Set container configuration: InlinePtr #cards 5 size 8 Array Of Cards #cards 12 size 40 Howl #buckets 4 coarsen threshold 1843 Howl Bitmap #cards 512 size 80 coarsen threshold 460 Card regions per heap region 1 cards per card region 2048
 CPUs: 4 total, 4 available
 Memory: 3917M
 Large Page Support: Disabled
 NUMA Support: Disabled
 Compressed Oops: Enabled (32-bit)
 Heap Region Size: 1M
 Heap Min Capacity: 8M
 Heap Initial Capacity: 62M
 Heap Max Capacity: 980M
 Pre-touch: Disabled
 Parallel Workers: 4
 Concurrent Workers: 1
 Concurrent Refinement Workers: 4
 Periodic GC: Disabled
Heap:
 garbage-first heap   total 66560K, used 43709K [0x00000000c2c00000, 0x0000000100000000)
  region size 1024K, 7 young (7168K), 3 survivors (3072K)
 Metaspace       used 73985K, committed 74880K, reserved 1114112K
  class space    used 9961K, committed 10368K, reserved 1048576K
GC Heap History (20 events):
Event: 11.336 GC heap before
{Heap before GC invocations=8 (full 0):
 garbage-first heap   total 61440K, used 37321K [0x00000000c2c00000, 0x0000000100000000)
  region size 1024K, 23 young (23552K), 5 survivors (5120K)
 Metaspace       used 35412K, committed 35968K, reserved 1114112K
  class space    used 4398K, committed 4672K, reserved 1048576K
}
Event: 11.345 GC heap after
{Heap after GC invocations=9 (full 0):
 garbage-first heap   total 61440K, used 23035K [0x00000000c2c00000, 0x0000000100000000)
  region size 1024K, 2 young (2048K), 2 survivors (2048K)
 Metaspace       used 35412K, committed 35968K, reserved 1114112K
  class space    used 4398K, committed 4672K, reserved 1048576K
}
Event: 12.636 GC heap before
{Heap before GC invocations=10 (full 0):
 garbage-first heap   total 61440K, used 51707K [0x00000000c2c00000, 0x0000000100000000)
  region size 1024K, 30 young (30720K), 2 survivors (2048K)
 Metaspace       used 43861K, committed 44416K, reserved 1114112K
  class space    used 5638K, committed 5888K, reserved 1048576K
}
Event: 12.643 GC heap after
{Heap after GC invocations=11 (full 0):
 garbage-first heap   total 61440K, used 25021K [0x00000000c2c00000, 0x0000000100000000)
  region size 1024K, 4 young (4096K), 4 survivors (4096K)
 Metaspace       used 43861K, committed 44416K, reserved 1114112K
  class space    used 5638K, committed 5888K, reserved 1048576K
}
Event: 13.852 GC heap before
{Heap before GC invocations=11 (full 0):
 garbage-first heap   total 61440K, used 51645K [0x00000000c2c00000, 0x0000000100000000)
  region size 1024K, 31 young (31744K), 4 survivors (4096K)
 Metaspace       used 51029K, committed 51520K, reserved 1114112K
  class space    used 6562K, committed 6784K, reserved 1048576K
}
Event: 13.861 GC heap after
{Heap after GC invocations=12 (full 0):
 garbage-first heap   total 61440K, used 27715K [0x00000000c2c00000, 0x0000000100000000)
  region size 1024K, 3 young (3072K), 3 survivors (3072K)
 Metaspace       used 51029K, committed 51520K, reserved 1114112K
  class space    used 6562K, committed 6784K, reserved 1048576K
}
Event: 14.794 GC heap before
{Heap before GC invocations=12 (full 0):
 garbage-first heap   total 61440K, used 52291K [0x00000000c2c00000, 0x0000000100000000)
  region size 1024K, 27 young (27648K), 3 survivors (3072K)
 Metaspace       used 56809K, committed 57344K, reserved 1114112K
  class space    used 7498K, committed 7744K, reserved 1048576K
}
Event: 14.799 GC heap after
{Heap after GC invocations=13 (full 0):
 garbage-first heap   total 61440K, used 28604K [0x00000000c2c00000, 0x0000000100000000)
  region size 1024K, 1 young (1024K), 1 survivors (1024K)
 Metaspace       used 56809K, committed 57344K, reserved 1114112K
  class space    used 7498K, committed 7744K, reserved 1048576K
}
Event: 15.256 GC heap before
{Heap before GC invocations=13 (full 0):
 garbage-first heap   total 61440K, used 37820K [0x00000000c2c00000, 0x0000000100000000)
  region size 1024K, 12 young (12288K), 1 survivors (1024K)
 Metaspace       used 59880K, committed 60480K, reserved 1114112K
  class space    used 7945K, committed 8256K, reserved 1048576K
}
Event: 15.261 GC heap after
{Heap after GC invocations=14 (full 0):
 garbage-first heap   total 61440K, used 29601K [0x00000000c2c00000, 0x0000000100000000)
  region size 1024K, 2 young (2048K), 2 survivors (2048K)
 Metaspace       used 59880K, committed 60480K, reserved 1114112K
  class space    used 7945K, committed 8256K, reserved 1048576K
}
Event: 16.818 GC heap before
{Heap before GC invocations=15 (full 0):
 garbage-first heap   total 61440K, used 55201K [0x00000000c2c00000, 0x0000000100000000)
  region size 1024K, 27 young (27648K), 2 survivors (2048K)
 Metaspace       used 64144K, committed 64832K, reserved 1114112K
  class space    used 8545K, committed 8896K, reserved 1048576K
}
Event: 16.826 GC heap after
{Heap after GC invocations=16 (full 0):
 garbage-first heap   total 61440K, used 32141K [0x00000000c2c00000, 0x0000000100000000)
  region size 1024K, 4 young (4096K), 4 survivors (4096K)
 Metaspace       used 64144K, committed 64832K, reserved 1114112K
  class space    used 8545K, committed 8896K, reserved 1048576K
}
Event: 17.635 GC heap before
{Heap before GC invocations=16 (full 0):
 garbage-first heap   total 61440K, used 53645K [0x00000000c2c00000, 0x0000000100000000)
  region size 1024K, 25 young (25600K), 4 survivors (4096K)
 Metaspace       used 66753K, committed 67456K, reserved 1114112K
  class space    used 8896K, committed 9216K, reserved 1048576K
}
Event: 17.645 GC heap after
{Heap after GC invocations=17 (full 0):
 garbage-first heap   total 61440K, used 33921K [0x00000000c2c00000, 0x0000000100000000)
  region size 1024K, 3 young (3072K), 3 survivors (3072K)
 Metaspace       used 66753K, committed 67456K, reserved 1114112K
  class space    used 8896K, committed 9216K, reserved 1048576K
}
Event: 18.599 GC heap before
{Heap before GC invocations=17 (full 0):
 garbage-first heap   total 61440K, used 54401K [0x00000000c2c00000, 0x0000000100000000)
  region size 1024K, 23 young (23552K), 3 survivors (3072K)
 Metaspace       used 69259K, committed 70016K, reserved 1114112K
  class space    used 9278K, committed 9600K, reserved 1048576K
}
Event: 18.606 GC heap after
{Heap after GC invocations=18 (full 0):
 garbage-first heap   total 61440K, used 36364K [0x00000000c2c00000, 0x0000000100000000)
  region size 1024K, 3 young (3072K), 3 survivors (3072K)
 Metaspace       used 69259K, committed 70016K, reserved 1114112K
  class space    used 9278K, committed 9600K, reserved 1048576K
}
Event: 19.412 GC heap before
{Heap before GC invocations=19 (full 0):
 garbage-first heap   total 66560K, used 52748K [0x00000000c2c00000, 0x0000000100000000)
  region size 1024K, 19 young (19456K), 3 survivors (3072K)
 Metaspace       used 71305K, committed 72128K, reserved 1114112K
  class space    used 9594K, committed 9984K, reserved 1048576K
}
Event: 19.419 GC heap after
{Heap after GC invocations=20 (full 0):
 garbage-first heap   total 66560K, used 38283K [0x00000000c2c00000, 0x0000000100000000)
  region size 1024K, 2 young (2048K), 2 survivors (2048K)
 Metaspace       used 71305K, committed 72128K, reserved 1114112K
  class space    used 9594K, committed 9984K, reserved 1048576K
}
Event: 20.358 GC heap before
{Heap before GC invocations=20 (full 0):
 garbage-first heap   total 66560K, used 58763K [0x00000000c2c00000, 0x0000000100000000)
  region size 1024K, 22 young (22528K), 2 survivors (2048K)
 Metaspace       used 73552K, committed 74432K, reserved 1114112K
  class space    used 9899K, committed 10304K, reserved 1048576K
}
Event: 20.368 GC heap after
{Heap after GC invocations=21 (full 0):
 garbage-first heap   total 66560K, used 40637K [0x00000000c2c00000, 0x0000000100000000)
  region size 1024K, 3 young (3072K), 3 survivors (3072K)
 Metaspace       used 73552K, committed 74432K, reserved 1114112K
  class space    used 9899K, committed 10304K, reserved 1048576K
}

